
Gurobi 8.1.1 (mac64, Python) logging started Thu May  9 13:27:23 2019

Academic license - for non-commercial use only
Optimize a model with 2 rows, 3 columns and 5 nonzeros
Variable types: 0 continuous, 3 integer (3 binary)
Coefficient statistics:
  Matrix range     [1e+00, 3e+00]
  Objective range  [1e+00, 2e+00]
  Bounds range     [1e+00, 1e+00]
  RHS range        [1e+00, 4e+00]
Found heuristic solution: objective 2.0000000
Presolve removed 2 rows and 3 columns
Presolve time: 0.01s
Presolve: All rows and columns removed

Explored 0 nodes (0 simplex iterations) in 0.01 seconds
Thread count was 1 (of 8 available processors)

Solution count 2: 3 2 

Optimal solution found (tolerance 1.00e-04)
Best objective 3.000000000000e+00, best bound 3.000000000000e+00, gap 0.0000%

Gurobi 8.1.1 (mac64, Python) logging started Thu May  9 13:42:27 2019

Academic license - for non-commercial use only
Optimize a model with 2 rows, 3 columns and 5 nonzeros
Variable types: 0 continuous, 3 integer (3 binary)
Coefficient statistics:
  Matrix range     [1e+00, 3e+00]
  Objective range  [1e+00, 2e+00]
  Bounds range     [1e+00, 1e+00]
  RHS range        [1e+00, 4e+00]
Found heuristic solution: objective 2.0000000
Presolve removed 2 rows and 3 columns
Presolve time: 0.01s
Presolve: All rows and columns removed

Explored 0 nodes (0 simplex iterations) in 0.01 seconds
Thread count was 1 (of 8 available processors)

Solution count 2: 3 2 

Optimal solution found (tolerance 1.00e-04)
Best objective 3.000000000000e+00, best bound 3.000000000000e+00, gap 0.0000%

Gurobi 8.1.1 (mac64, Python) logging started Thu May  9 16:34:06 2019

Academic license - for non-commercial use only
Optimize a model with 2 rows, 3 columns and 5 nonzeros
Variable types: 0 continuous, 3 integer (3 binary)
Coefficient statistics:
  Matrix range     [1e+00, 3e+00]
  Objective range  [1e+00, 2e+00]
  Bounds range     [1e+00, 1e+00]
  RHS range        [1e+00, 4e+00]
Found heuristic solution: objective 2.0000000
Presolve removed 2 rows and 3 columns
Presolve time: 0.01s
Presolve: All rows and columns removed

Explored 0 nodes (0 simplex iterations) in 0.01 seconds
Thread count was 1 (of 8 available processors)

Solution count 2: 3 2 

Optimal solution found (tolerance 1.00e-04)
Best objective 3.000000000000e+00, best bound 3.000000000000e+00, gap 0.0000%

Gurobi 8.1.1 (mac64, Python) logging started Thu May  9 16:40:51 2019

Academic license - for non-commercial use only
Optimize a model with 2 rows, 3 columns and 5 nonzeros
Variable types: 0 continuous, 3 integer (3 binary)
Coefficient statistics:
  Matrix range     [1e+00, 3e+00]
  Objective range  [1e+00, 2e+00]
  Bounds range     [1e+00, 1e+00]
  RHS range        [1e+00, 4e+00]
Found heuristic solution: objective 2.0000000
Presolve removed 2 rows and 3 columns
Presolve time: 0.00s
Presolve: All rows and columns removed

Explored 0 nodes (0 simplex iterations) in 0.00 seconds
Thread count was 1 (of 8 available processors)

Solution count 2: 3 2 

Optimal solution found (tolerance 1.00e-04)
Best objective 3.000000000000e+00, best bound 3.000000000000e+00, gap 0.0000%

Gurobi 8.1.1 (mac64, Python) logging started Tue May 14 21:06:06 2019

Academic license - for non-commercial use only
Changed value of parameter lazyConstraints to 1
   Prev: 0  Min: 0  Max: 1  Default: 0
Optimize a model with 3 rows, 1 columns and 3 nonzeros
Variable types: 0 continuous, 1 integer (1 binary)
Coefficient statistics:
  Matrix range     [1e+00, 1e+00]
  Objective range  [1e+00, 1e+00]
  Bounds range     [1e+00, 1e+00]
  RHS range        [1e+00, 1e+01]
Found heuristic solution: objective 1.0000000

Explored 0 nodes (0 simplex iterations) in 0.01 seconds
Thread count was 1 (of 8 available processors)

Solution count 1: 1 

Optimal solution found (tolerance 1.00e-04)
Best objective 1.000000000000e+00, best bound 1.000000000000e+00, gap 0.0000%

Gurobi 8.1.1 (mac64, Python) logging started Tue May 14 21:19:43 2019

Academic license - for non-commercial use only
Changed value of parameter lazyConstraints to 1
   Prev: 0  Min: 0  Max: 1  Default: 0
Optimize a model with 3 rows, 3 columns and 7 nonzeros
Model has 1 quadratic constraint
Variable types: 0 continuous, 3 integer (3 binary)
Coefficient statistics:
  Matrix range     [1e+00, 3e+00]
  QMatrix range    [1e+00, 2e+00]
  QLMatrix range   [2e+00, 2e+00]
  Objective range  [1e+00, 1e+00]
  Bounds range     [1e+00, 1e+00]
  RHS range        [1e+00, 1e+01]
Presolve removed 3 rows and 2 columns
Presolve time: 0.00s
Presolved: 0 rows, 1 columns, 0 nonzeros
Variable types: 0 continuous, 1 integer (1 binary)
Found heuristic solution: objective 2.0000000

Explored 0 nodes (0 simplex iterations) in 0.01 seconds
Thread count was 8 (of 8 available processors)

Solution count 1: 2 

Optimal solution found (tolerance 1.00e-04)
Best objective 2.000000000000e+00, best bound 2.000000000000e+00, gap 0.0000%

Gurobi 8.1.1 (mac64, Python) logging started Tue May 14 21:20:28 2019

Academic license - for non-commercial use only
Changed value of parameter lazyConstraints to 1
   Prev: 0  Min: 0  Max: 1  Default: 0
Optimize a model with 3 rows, 3 columns and 7 nonzeros
Model has 1 quadratic constraint
Variable types: 0 continuous, 3 integer (3 binary)
Coefficient statistics:
  Matrix range     [1e+00, 3e+00]
  QMatrix range    [1e+00, 2e+00]
  QLMatrix range   [2e+00, 2e+00]
  Objective range  [1e+00, 1e+00]
  Bounds range     [1e+00, 1e+00]
  RHS range        [1e+00, 1e+01]
Presolve removed 3 rows and 2 columns
Presolve time: 0.00s
Presolved: 0 rows, 1 columns, 0 nonzeros
Variable types: 0 continuous, 1 integer (1 binary)
Found heuristic solution: objective 2.0000000

Explored 0 nodes (0 simplex iterations) in 0.01 seconds
Thread count was 8 (of 8 available processors)

Solution count 1: 2 

Optimal solution found (tolerance 1.00e-04)
Best objective 2.000000000000e+00, best bound 2.000000000000e+00, gap 0.0000%

Gurobi 8.1.1 (mac64, Python) logging started Tue May 14 21:22:26 2019

Academic license - for non-commercial use only
Changed value of parameter lazyConstraints to 1
   Prev: 0  Min: 0  Max: 1  Default: 0
Optimize a model with 3 rows, 3 columns and 7 nonzeros
Model has 1 quadratic constraint
Variable types: 0 continuous, 3 integer (3 binary)
Coefficient statistics:
  Matrix range     [1e+00, 3e+00]
  QMatrix range    [1e+00, 2e+00]
  QLMatrix range   [2e+00, 2e+00]
  Objective range  [1e+00, 1e+00]
  Bounds range     [1e+00, 1e+00]
  RHS range        [1e+00, 1e+01]
Presolve removed 3 rows and 2 columns
Presolve time: 0.00s
Presolved: 0 rows, 1 columns, 0 nonzeros
Variable types: 0 continuous, 1 integer (1 binary)
Found heuristic solution: objective 2.0000000

Explored 0 nodes (0 simplex iterations) in 0.01 seconds
Thread count was 8 (of 8 available processors)

Solution count 1: 2 

Optimal solution found (tolerance 1.00e-04)
Best objective 2.000000000000e+00, best bound 2.000000000000e+00, gap 0.0000%

Gurobi 8.1.1 (mac64, Python) logging started Tue May 14 21:28:17 2019

Academic license - for non-commercial use only
Changed value of parameter lazyConstraints to 1
   Prev: 0  Min: 0  Max: 1  Default: 0
Optimize a model with 3 rows, 3 columns and 7 nonzeros
Model has 1 quadratic constraint
Variable types: 0 continuous, 3 integer (3 binary)
Coefficient statistics:
  Matrix range     [1e+00, 6e+00]
  QMatrix range    [1e+00, 2e+00]
  QLMatrix range   [2e+00, 2e+00]
  Objective range  [1e+00, 1e+00]
  Bounds range     [1e+00, 1e+00]
  RHS range        [1e+00, 9e+00]
Presolve removed 3 rows and 2 columns
Presolve time: 0.00s
Presolved: 0 rows, 1 columns, 0 nonzeros
Variable types: 0 continuous, 1 integer (1 binary)

Root relaxation: objective 1.000000e+00, 0 iterations, 0.00 seconds

    Nodes    |    Current Node    |     Objective Bounds      |     Work
 Expl Unexpl |  Obj  Depth IntInf | Incumbent    BestBd   Gap | It/Node Time

*    0     0               0       1.0000000    1.00000  0.00%     -    0s

Explored 0 nodes (0 simplex iterations) in 0.01 seconds
Thread count was 8 (of 8 available processors)

Solution count 1: 1 

Optimal solution found (tolerance 1.00e-04)
Best objective 1.000000000000e+00, best bound 1.000000000000e+00, gap 0.0000%

Gurobi 8.1.1 (mac64, Python) logging started Tue May 14 21:28:52 2019

Academic license - for non-commercial use only
Changed value of parameter lazyConstraints to 1
   Prev: 0  Min: 0  Max: 1  Default: 0
Optimize a model with 3 rows, 3 columns and 7 nonzeros
Model has 1 quadratic constraint
Variable types: 0 continuous, 3 integer (3 binary)
Coefficient statistics:
  Matrix range     [1e+00, 6e+00]
  QMatrix range    [1e+00, 2e+00]
  QLMatrix range   [2e+00, 2e+00]
  Objective range  [1e+00, 1e+00]
  Bounds range     [1e+00, 1e+00]
  RHS range        [1e+00, 9e+00]
Presolve removed 3 rows and 2 columns
Presolve time: 0.00s
Presolved: 0 rows, 1 columns, 0 nonzeros
Variable types: 0 continuous, 1 integer (1 binary)

Root relaxation: objective 1.000000e+00, 0 iterations, 0.00 seconds

    Nodes    |    Current Node    |     Objective Bounds      |     Work
 Expl Unexpl |  Obj  Depth IntInf | Incumbent    BestBd   Gap | It/Node Time

*    0     0               0       1.0000000    1.00000  0.00%     -    0s

Explored 0 nodes (0 simplex iterations) in 0.01 seconds
Thread count was 8 (of 8 available processors)

Solution count 1: 1 

Optimal solution found (tolerance 1.00e-04)
Best objective 1.000000000000e+00, best bound 1.000000000000e+00, gap 0.0000%

Gurobi 8.1.1 (mac64, Python) logging started Tue May 14 21:29:35 2019

Academic license - for non-commercial use only
Changed value of parameter lazyConstraints to 1
   Prev: 0  Min: 0  Max: 1  Default: 0
Optimize a model with 3 rows, 3 columns and 7 nonzeros
Model has 1 quadratic constraint
Variable types: 0 continuous, 3 integer (3 binary)
Coefficient statistics:
  Matrix range     [1e+00, 6e+00]
  QMatrix range    [1e+00, 2e+00]
  QLMatrix range   [2e+00, 2e+00]
  Objective range  [1e+00, 1e+00]
  Bounds range     [1e+00, 1e+00]
  RHS range        [1e+00, 9e+00]
Presolve removed 3 rows and 2 columns
Presolve time: 0.00s
Presolved: 0 rows, 1 columns, 0 nonzeros
Variable types: 0 continuous, 1 integer (1 binary)

Root relaxation: objective 1.000000e+00, 0 iterations, 0.00 seconds

    Nodes    |    Current Node    |     Objective Bounds      |     Work
 Expl Unexpl |  Obj  Depth IntInf | Incumbent    BestBd   Gap | It/Node Time

*    0     0               0       1.0000000    1.00000  0.00%     -    0s

Explored 0 nodes (0 simplex iterations) in 0.01 seconds
Thread count was 8 (of 8 available processors)

Solution count 1: 1 

Optimal solution found (tolerance 1.00e-04)
Best objective 1.000000000000e+00, best bound 1.000000000000e+00, gap 0.0000%

Gurobi 8.1.1 (mac64, Python) logging started Tue May 14 21:34:43 2019

Academic license - for non-commercial use only
Changed value of parameter lazyConstraints to 1
   Prev: 0  Min: 0  Max: 1  Default: 0
Optimize a model with 3 rows, 3 columns and 7 nonzeros
Model has 1 quadratic constraint
Variable types: 0 continuous, 3 integer (3 binary)
Coefficient statistics:
  Matrix range     [1e+00, 3e+00]
  QMatrix range    [1e+00, 2e+00]
  QLMatrix range   [2e+00, 2e+00]
  Objective range  [1e+00, 1e+00]
  Bounds range     [1e+00, 1e+00]
  RHS range        [1e+00, 6e+00]
Presolve removed 3 rows and 2 columns
Presolve time: 0.00s
Presolved: 0 rows, 1 columns, 0 nonzeros
Variable types: 0 continuous, 1 integer (1 binary)
Found heuristic solution: objective 2.0000000

Explored 0 nodes (0 simplex iterations) in 0.01 seconds
Thread count was 8 (of 8 available processors)

Solution count 1: 2 

Optimal solution found (tolerance 1.00e-04)
Best objective 2.000000000000e+00, best bound 2.000000000000e+00, gap 0.0000%

Gurobi 8.1.1 (mac64, Python) logging started Fri May 17 20:56:50 2019

Academic license - for non-commercial use only
Changed value of parameter lazyConstraints to 1
   Prev: 0  Min: 0  Max: 1  Default: 0
Optimize a model with 3 rows, 1 columns and 3 nonzeros
Variable types: 0 continuous, 1 integer (1 binary)
Coefficient statistics:
  Matrix range     [1e+00, 2e+00]
  Objective range  [1e+00, 1e+00]
  Bounds range     [1e+00, 1e+00]
  RHS range        [1e+00, 3e+00]
Found heuristic solution: objective 1.0000000

Explored 0 nodes (0 simplex iterations) in 0.01 seconds
Thread count was 1 (of 8 available processors)

Solution count 1: 1 

Optimal solution found (tolerance 1.00e-04)
Best objective 1.000000000000e+00, best bound 1.000000000000e+00, gap 0.0000%
Changed value of parameter lazyConstraints to 1
   Prev: 0  Min: 0  Max: 1  Default: 0
Optimize a model with 3 rows, 1 columns and 3 nonzeros
Variable types: 0 continuous, 1 integer (1 binary)
Coefficient statistics:
  Matrix range     [1e+00, 2e+00]
  Objective range  [1e+00, 1e+00]
  Bounds range     [1e+00, 1e+00]
  RHS range        [1e+00, 2e+00]
Found heuristic solution: objective 1.0000000

Explored 0 nodes (0 simplex iterations) in 0.00 seconds
Thread count was 1 (of 8 available processors)

Solution count 1: 1 

Optimal solution found (tolerance 1.00e-04)
Best objective 1.000000000000e+00, best bound 1.000000000000e+00, gap 0.0000%

Gurobi 8.1.1 (mac64, Python) logging started Fri May 17 21:00:41 2019

Academic license - for non-commercial use only
Changed value of parameter lazyConstraints to 1
   Prev: 0  Min: 0  Max: 1  Default: 0
Optimize a model with 3 rows, 1 columns and 3 nonzeros
Variable types: 0 continuous, 1 integer (1 binary)
Coefficient statistics:
  Matrix range     [1e+00, 2e+00]
  Objective range  [1e+00, 1e+00]
  Bounds range     [1e+00, 1e+00]
  RHS range        [1e+00, 3e+00]
Found heuristic solution: objective 1.0000000

Explored 0 nodes (0 simplex iterations) in 0.00 seconds
Thread count was 1 (of 8 available processors)

Solution count 1: 1 

Optimal solution found (tolerance 1.00e-04)
Best objective 1.000000000000e+00, best bound 1.000000000000e+00, gap 0.0000%

Gurobi 8.1.1 (mac64, Python) logging started Fri May 17 21:04:48 2019

Academic license - for non-commercial use only
Changed value of parameter lazyConstraints to 1
   Prev: 0  Min: 0  Max: 1  Default: 0
Optimize a model with 3 rows, 1 columns and 3 nonzeros
Variable types: 0 continuous, 1 integer (1 binary)
Coefficient statistics:
  Matrix range     [1e+00, 2e+00]
  Objective range  [1e+00, 1e+00]
  Bounds range     [1e+00, 1e+00]
  RHS range        [1e+00, 3e+00]
Found heuristic solution: objective 1.0000000

Explored 0 nodes (0 simplex iterations) in 0.00 seconds
Thread count was 1 (of 8 available processors)

Solution count 1: 1 

Optimal solution found (tolerance 1.00e-04)
Best objective 1.000000000000e+00, best bound 1.000000000000e+00, gap 0.0000%
Changed value of parameter lazyConstraints to 1
   Prev: 0  Min: 0  Max: 1  Default: 0
Optimize a model with 3 rows, 3 columns and 7 nonzeros
Model has 1 quadratic constraint
Variable types: 0 continuous, 3 integer (3 binary)
Coefficient statistics:
  Matrix range     [1e+00, 2e+00]
  QMatrix range    [1e+00, 2e+00]
  QLMatrix range   [2e+00, 2e+00]
  Objective range  [1e+00, 1e+00]
  Bounds range     [1e+00, 1e+00]
  RHS range        [1e+00, 2e+00]
Presolve removed 3 rows and 2 columns
Presolve time: 0.00s
Presolved: 0 rows, 1 columns, 0 nonzeros
Variable types: 0 continuous, 1 integer (1 binary)
Found heuristic solution: objective 2.0000000

Explored 0 nodes (0 simplex iterations) in 0.01 seconds
Thread count was 8 (of 8 available processors)

Solution count 1: 2 

Optimal solution found (tolerance 1.00e-04)
Best objective 2.000000000000e+00, best bound 2.000000000000e+00, gap 0.0000%

Gurobi 8.1.1 (mac64, Python) logging started Fri May 17 21:10:40 2019

Academic license - for non-commercial use only
Changed value of parameter lazyConstraints to 1
   Prev: 0  Min: 0  Max: 1  Default: 0
Optimize a model with 3 rows, 1 columns and 3 nonzeros
Variable types: 0 continuous, 1 integer (1 binary)
Coefficient statistics:
  Matrix range     [1e+00, 2e+00]
  Objective range  [1e+00, 1e+00]
  Bounds range     [1e+00, 1e+00]
  RHS range        [1e+00, 3e+00]
Found heuristic solution: objective 1.0000000

Explored 0 nodes (0 simplex iterations) in 0.00 seconds
Thread count was 1 (of 8 available processors)

Solution count 1: 1 

Optimal solution found (tolerance 1.00e-04)
Best objective 1.000000000000e+00, best bound 1.000000000000e+00, gap 0.0000%
Changed value of parameter lazyConstraints to 1
   Prev: 0  Min: 0  Max: 1  Default: 0
Optimize a model with 3 rows, 3 columns and 7 nonzeros
Model has 1 quadratic constraint
Variable types: 0 continuous, 3 integer (3 binary)
Coefficient statistics:
  Matrix range     [1e+00, 2e+00]
  QMatrix range    [1e+00, 2e+00]
  QLMatrix range   [2e+00, 2e+00]
  Objective range  [1e+00, 1e+00]
  Bounds range     [1e+00, 1e+00]
  RHS range        [1e+00, 2e+00]
Presolve removed 3 rows and 2 columns
Presolve time: 0.00s
Presolved: 0 rows, 1 columns, 0 nonzeros
Variable types: 0 continuous, 1 integer (1 binary)
Found heuristic solution: objective 2.0000000

Explored 0 nodes (0 simplex iterations) in 0.01 seconds
Thread count was 8 (of 8 available processors)

Solution count 1: 2 

Optimal solution found (tolerance 1.00e-04)
Best objective 2.000000000000e+00, best bound 2.000000000000e+00, gap 0.0000%

Gurobi 8.1.1 (mac64, Python) logging started Fri May 17 21:13:47 2019

Academic license - for non-commercial use only
Changed value of parameter lazyConstraints to 1
   Prev: 0  Min: 0  Max: 1  Default: 0
Optimize a model with 3 rows, 1 columns and 3 nonzeros
Variable types: 0 continuous, 1 integer (1 binary)
Coefficient statistics:
  Matrix range     [1e+00, 2e+00]
  Objective range  [1e+00, 1e+00]
  Bounds range     [1e+00, 1e+00]
  RHS range        [1e+00, 3e+00]
Found heuristic solution: objective 1.0000000

Explored 0 nodes (0 simplex iterations) in 0.00 seconds
Thread count was 1 (of 8 available processors)

Solution count 1: 1 

Optimal solution found (tolerance 1.00e-04)
Best objective 1.000000000000e+00, best bound 1.000000000000e+00, gap 0.0000%
Changed value of parameter lazyConstraints to 1
   Prev: 0  Min: 0  Max: 1  Default: 0
Optimize a model with 3 rows, 3 columns and 7 nonzeros
Model has 1 quadratic constraint
Variable types: 0 continuous, 3 integer (3 binary)
Coefficient statistics:
  Matrix range     [1e+00, 2e+00]
  QMatrix range    [1e+00, 2e+00]
  QLMatrix range   [2e+00, 2e+00]
  Objective range  [1e+00, 1e+00]
  Bounds range     [1e+00, 1e+00]
  RHS range        [1e+00, 2e+00]
Presolve removed 3 rows and 2 columns
Presolve time: 0.00s
Presolved: 0 rows, 1 columns, 0 nonzeros
Variable types: 0 continuous, 1 integer (1 binary)
Found heuristic solution: objective 2.0000000

Explored 0 nodes (0 simplex iterations) in 0.01 seconds
Thread count was 8 (of 8 available processors)

Solution count 1: 2 

Optimal solution found (tolerance 1.00e-04)
Best objective 2.000000000000e+00, best bound 2.000000000000e+00, gap 0.0000%

Gurobi 8.1.1 (mac64, Python) logging started Fri May 17 21:21:07 2019

Academic license - for non-commercial use only
Changed value of parameter lazyConstraints to 1
   Prev: 0  Min: 0  Max: 1  Default: 0
Optimize a model with 3 rows, 1 columns and 3 nonzeros
Variable types: 0 continuous, 1 integer (1 binary)
Coefficient statistics:
  Matrix range     [1e+00, 2e+00]
  Objective range  [1e+00, 1e+00]
  Bounds range     [1e+00, 1e+00]
  RHS range        [1e+00, 3e+00]
Found heuristic solution: objective 1.0000000

Explored 0 nodes (0 simplex iterations) in 0.00 seconds
Thread count was 1 (of 8 available processors)

Solution count 1: 1 

Optimal solution found (tolerance 1.00e-04)
Best objective 1.000000000000e+00, best bound 1.000000000000e+00, gap 0.0000%
Changed value of parameter lazyConstraints to 1
   Prev: 0  Min: 0  Max: 1  Default: 0
Optimize a model with 3 rows, 1 columns and 3 nonzeros
Variable types: 0 continuous, 1 integer (1 binary)
Coefficient statistics:
  Matrix range     [1e+00, 2e+00]
  Objective range  [1e+00, 1e+00]
  Bounds range     [1e+00, 1e+00]
  RHS range        [1e+00, 2e+00]
Found heuristic solution: objective 1.0000000

Explored 0 nodes (0 simplex iterations) in 0.00 seconds
Thread count was 1 (of 8 available processors)

Solution count 1: 1 

Optimal solution found (tolerance 1.00e-04)
Best objective 1.000000000000e+00, best bound 1.000000000000e+00, gap 0.0000%

Gurobi 8.1.1 (mac64, Python) logging started Sat May 18 11:49:43 2019

Academic license - for non-commercial use only
Changed value of parameter lazyConstraints to 1
   Prev: 0  Min: 0  Max: 1  Default: 0
Optimize a model with 3 rows, 1 columns and 3 nonzeros
Variable types: 0 continuous, 1 integer (1 binary)
Coefficient statistics:
  Matrix range     [1e+00, 2e+00]
  Objective range  [1e+00, 1e+00]
  Bounds range     [1e+00, 1e+00]
  RHS range        [1e+00, 3e+00]
Found heuristic solution: objective 1.0000000

Explored 0 nodes (0 simplex iterations) in 0.00 seconds
Thread count was 1 (of 8 available processors)

Solution count 1: 1 

Optimal solution found (tolerance 1.00e-04)
Best objective 1.000000000000e+00, best bound 1.000000000000e+00, gap 0.0000%
Changed value of parameter lazyConstraints to 1
   Prev: 0  Min: 0  Max: 1  Default: 0
Optimize a model with 3 rows, 1 columns and 3 nonzeros
Variable types: 0 continuous, 1 integer (1 binary)
Coefficient statistics:
  Matrix range     [1e+00, 2e+00]
  Objective range  [1e+00, 1e+00]
  Bounds range     [1e+00, 1e+00]
  RHS range        [1e+00, 2e+00]
Found heuristic solution: objective 1.0000000

Explored 0 nodes (0 simplex iterations) in 0.00 seconds
Thread count was 1 (of 8 available processors)

Solution count 1: 1 

Optimal solution found (tolerance 1.00e-04)
Best objective 1.000000000000e+00, best bound 1.000000000000e+00, gap 0.0000%
Changed value of parameter lazyConstraints to 1
   Prev: 0  Min: 0  Max: 1  Default: 0
Optimize a model with 3 rows, 3 columns and 7 nonzeros
Model has 1 quadratic constraint
Variable types: 0 continuous, 3 integer (3 binary)
Coefficient statistics:
  Matrix range     [1e+00, 2e+00]
  QMatrix range    [1e+00, 2e+00]
  QLMatrix range   [2e+00, 2e+00]
  Objective range  [1e+00, 1e+00]
  Bounds range     [1e+00, 1e+00]
  RHS range        [1e+00, 2e+00]
Presolve removed 3 rows and 2 columns
Presolve time: 0.00s
Presolved: 0 rows, 1 columns, 0 nonzeros
Variable types: 0 continuous, 1 integer (1 binary)
Found heuristic solution: objective 2.0000000

Explored 0 nodes (0 simplex iterations) in 0.01 seconds
Thread count was 8 (of 8 available processors)

Solution count 1: 2 

Optimal solution found (tolerance 1.00e-04)
Best objective 2.000000000000e+00, best bound 2.000000000000e+00, gap 0.0000%
Changed value of parameter lazyConstraints to 1
   Prev: 0  Min: 0  Max: 1  Default: 0
Optimize a model with 3 rows, 1 columns and 2 nonzeros
Variable types: 0 continuous, 1 integer (1 binary)
Coefficient statistics:
  Matrix range     [1e+00, 1e+00]
  Objective range  [1e+00, 1e+00]
  Bounds range     [1e+00, 1e+00]
  RHS range        [1e+00, 1e+00]
Found heuristic solution: objective 1.0000000

Explored 0 nodes (0 simplex iterations) in 0.00 seconds
Thread count was 1 (of 8 available processors)

Solution count 1: 1 

Optimal solution found (tolerance 1.00e-04)
Best objective 1.000000000000e+00, best bound 1.000000000000e+00, gap 0.0000%
Changed value of parameter lazyConstraints to 1
   Prev: 0  Min: 0  Max: 1  Default: 0
Optimize a model with 3 rows, 3 columns and 6 nonzeros
Model has 1 quadratic constraint
Variable types: 0 continuous, 3 integer (3 binary)
Coefficient statistics:
  Matrix range     [1e+00, 1e+00]
  QMatrix range    [1e+00, 2e+00]
  QLMatrix range   [2e+00, 2e+00]
  Objective range  [1e+00, 1e+00]
  Bounds range     [1e+00, 1e+00]
  RHS range        [1e+00, 1e+00]
Presolve removed 3 rows and 1 columns
Presolve time: 0.00s
Presolved: 0 rows, 2 columns, 0 nonzeros
Variable types: 0 continuous, 2 integer (2 binary)

Root relaxation: objective 1.000000e+00, 0 iterations, 0.00 seconds

    Nodes    |    Current Node    |     Objective Bounds      |     Work
 Expl Unexpl |  Obj  Depth IntInf | Incumbent    BestBd   Gap | It/Node Time

*    0     0               0       1.0000000    1.00000  0.00%     -    0s

Explored 0 nodes (0 simplex iterations) in 0.01 seconds
Thread count was 8 (of 8 available processors)

Solution count 1: 1 

Optimal solution found (tolerance 1.00e-04)
Best objective 1.000000000000e+00, best bound 1.000000000000e+00, gap 0.0000%
Changed value of parameter lazyConstraints to 1
   Prev: 0  Min: 0  Max: 1  Default: 0
Optimize a model with 3 rows, 1 columns and 3 nonzeros
Variable types: 0 continuous, 1 integer (1 binary)
Coefficient statistics:
  Matrix range     [1e+00, 1e+00]
  Objective range  [1e+00, 1e+00]
  Bounds range     [1e+00, 1e+00]
  RHS range        [1e+00, 1e+00]
Found heuristic solution: objective 1.0000000

Explored 0 nodes (0 simplex iterations) in 0.00 seconds
Thread count was 1 (of 8 available processors)

Solution count 1: 1 

Optimal solution found (tolerance 1.00e-04)
Best objective 1.000000000000e+00, best bound 1.000000000000e+00, gap 0.0000%

Gurobi 8.1.1 (mac64, Python) logging started Sat May 18 12:00:29 2019

Academic license - for non-commercial use only
Changed value of parameter lazyConstraints to 1
   Prev: 0  Min: 0  Max: 1  Default: 0
Optimize a model with 3 rows, 1 columns and 3 nonzeros
Variable types: 0 continuous, 1 integer (1 binary)
Coefficient statistics:
  Matrix range     [1e+00, 2e+00]
  Objective range  [1e+00, 1e+00]
  Bounds range     [1e+00, 1e+00]
  RHS range        [1e+00, 3e+00]
Found heuristic solution: objective 1.0000000

Explored 0 nodes (0 simplex iterations) in 0.00 seconds
Thread count was 1 (of 8 available processors)

Solution count 1: 1 

Optimal solution found (tolerance 1.00e-04)
Best objective 1.000000000000e+00, best bound 1.000000000000e+00, gap 0.0000%
Changed value of parameter lazyConstraints to 1
   Prev: 0  Min: 0  Max: 1  Default: 0
Optimize a model with 3 rows, 1 columns and 3 nonzeros
Variable types: 0 continuous, 1 integer (1 binary)
Coefficient statistics:
  Matrix range     [1e+00, 2e+00]
  Objective range  [1e+00, 1e+00]
  Bounds range     [1e+00, 1e+00]
  RHS range        [1e+00, 2e+00]
Found heuristic solution: objective 1.0000000

Explored 0 nodes (0 simplex iterations) in 0.00 seconds
Thread count was 1 (of 8 available processors)

Solution count 1: 1 

Optimal solution found (tolerance 1.00e-04)
Best objective 1.000000000000e+00, best bound 1.000000000000e+00, gap 0.0000%
Changed value of parameter lazyConstraints to 1
   Prev: 0  Min: 0  Max: 1  Default: 0
Optimize a model with 3 rows, 3 columns and 7 nonzeros
Model has 1 quadratic constraint
Variable types: 0 continuous, 3 integer (3 binary)
Coefficient statistics:
  Matrix range     [1e+00, 2e+00]
  QMatrix range    [1e+00, 2e+00]
  QLMatrix range   [2e+00, 2e+00]
  Objective range  [1e+00, 1e+00]
  Bounds range     [1e+00, 1e+00]
  RHS range        [1e+00, 2e+00]
Presolve removed 3 rows and 2 columns
Presolve time: 0.00s
Presolved: 0 rows, 1 columns, 0 nonzeros
Variable types: 0 continuous, 1 integer (1 binary)
Found heuristic solution: objective 2.0000000

Explored 0 nodes (0 simplex iterations) in 0.01 seconds
Thread count was 8 (of 8 available processors)

Solution count 1: 2 

Optimal solution found (tolerance 1.00e-04)
Best objective 2.000000000000e+00, best bound 2.000000000000e+00, gap 0.0000%
Changed value of parameter lazyConstraints to 1
   Prev: 0  Min: 0  Max: 1  Default: 0
Optimize a model with 3 rows, 1 columns and 2 nonzeros
Variable types: 0 continuous, 1 integer (1 binary)
Coefficient statistics:
  Matrix range     [1e+00, 1e+00]
  Objective range  [1e+00, 1e+00]
  Bounds range     [1e+00, 1e+00]
  RHS range        [1e+00, 1e+00]
Found heuristic solution: objective 1.0000000

Explored 0 nodes (0 simplex iterations) in 0.00 seconds
Thread count was 1 (of 8 available processors)

Solution count 1: 1 

Optimal solution found (tolerance 1.00e-04)
Best objective 1.000000000000e+00, best bound 1.000000000000e+00, gap 0.0000%
Changed value of parameter lazyConstraints to 1
   Prev: 0  Min: 0  Max: 1  Default: 0
Optimize a model with 3 rows, 3 columns and 6 nonzeros
Model has 1 quadratic constraint
Variable types: 0 continuous, 3 integer (3 binary)
Coefficient statistics:
  Matrix range     [1e+00, 1e+00]
  QMatrix range    [1e+00, 2e+00]
  QLMatrix range   [2e+00, 2e+00]
  Objective range  [1e+00, 1e+00]
  Bounds range     [1e+00, 1e+00]
  RHS range        [1e+00, 1e+00]
Presolve removed 3 rows and 1 columns
Presolve time: 0.00s
Presolved: 0 rows, 2 columns, 0 nonzeros
Variable types: 0 continuous, 2 integer (2 binary)

Root relaxation: objective 1.000000e+00, 0 iterations, 0.00 seconds

    Nodes    |    Current Node    |     Objective Bounds      |     Work
 Expl Unexpl |  Obj  Depth IntInf | Incumbent    BestBd   Gap | It/Node Time

*    0     0               0       1.0000000    1.00000  0.00%     -    0s

Explored 0 nodes (0 simplex iterations) in 0.01 seconds
Thread count was 8 (of 8 available processors)

Solution count 1: 1 

Optimal solution found (tolerance 1.00e-04)
Best objective 1.000000000000e+00, best bound 1.000000000000e+00, gap 0.0000%
Changed value of parameter lazyConstraints to 1
   Prev: 0  Min: 0  Max: 1  Default: 0
Optimize a model with 3 rows, 1 columns and 3 nonzeros
Variable types: 0 continuous, 1 integer (1 binary)
Coefficient statistics:
  Matrix range     [1e+00, 1e+00]
  Objective range  [1e+00, 1e+00]
  Bounds range     [1e+00, 1e+00]
  RHS range        [1e+00, 1e+00]
Found heuristic solution: objective 1.0000000

Explored 0 nodes (0 simplex iterations) in 0.00 seconds
Thread count was 1 (of 8 available processors)

Solution count 1: 1 

Optimal solution found (tolerance 1.00e-04)
Best objective 1.000000000000e+00, best bound 1.000000000000e+00, gap 0.0000%

Gurobi 8.1.1 (mac64, Python) logging started Sat May 18 17:20:47 2019

Academic license - for non-commercial use only
Changed value of parameter lazyConstraints to 1
   Prev: 0  Min: 0  Max: 1  Default: 0
Optimize a model with 3 rows, 1 columns and 3 nonzeros
Variable types: 0 continuous, 1 integer (1 binary)
Coefficient statistics:
  Matrix range     [1e+00, 1e+00]
  Objective range  [1e+00, 1e+00]
  Bounds range     [1e+00, 1e+00]
  RHS range        [1e+00, 3e+00]
Found heuristic solution: objective 1.0000000

Explored 0 nodes (0 simplex iterations) in 0.00 seconds
Thread count was 1 (of 8 available processors)

Solution count 1: 1 

Optimal solution found (tolerance 1.00e-04)
Best objective 1.000000000000e+00, best bound 1.000000000000e+00, gap 0.0000%
Changed value of parameter lazyConstraints to 1
   Prev: 0  Min: 0  Max: 1  Default: 0
Optimize a model with 3 rows, 1 columns and 3 nonzeros
Variable types: 0 continuous, 1 integer (1 binary)
Coefficient statistics:
  Matrix range     [1e+00, 1e+00]
  Objective range  [1e+00, 1e+00]
  Bounds range     [1e+00, 1e+00]
  RHS range        [1e+00, 3e+00]
Found heuristic solution: objective 1.0000000

Explored 0 nodes (0 simplex iterations) in 0.00 seconds
Thread count was 1 (of 8 available processors)

Solution count 1: 1 

Optimal solution found (tolerance 1.00e-04)
Best objective 1.000000000000e+00, best bound 1.000000000000e+00, gap 0.0000%
Changed value of parameter lazyConstraints to 1
   Prev: 0  Min: 0  Max: 1  Default: 0
Optimize a model with 3 rows, 1 columns and 3 nonzeros
Variable types: 0 continuous, 1 integer (1 binary)
Coefficient statistics:
  Matrix range     [1e+00, 1e+00]
  Objective range  [1e+00, 1e+00]
  Bounds range     [1e+00, 1e+00]
  RHS range        [1e+00, 2e+00]
Found heuristic solution: objective 1.0000000

Explored 0 nodes (0 simplex iterations) in 0.00 seconds
Thread count was 1 (of 8 available processors)

Solution count 1: 1 

Optimal solution found (tolerance 1.00e-04)
Best objective 1.000000000000e+00, best bound 1.000000000000e+00, gap 0.0000%
Changed value of parameter lazyConstraints to 1
   Prev: 0  Min: 0  Max: 1  Default: 0
Optimize a model with 3 rows, 1 columns and 3 nonzeros
Variable types: 0 continuous, 1 integer (1 binary)
Coefficient statistics:
  Matrix range     [1e+00, 1e+00]
  Objective range  [1e+00, 1e+00]
  Bounds range     [1e+00, 1e+00]
  RHS range        [1e+00, 2e+00]
Found heuristic solution: objective 1.0000000

Explored 0 nodes (0 simplex iterations) in 0.00 seconds
Thread count was 1 (of 8 available processors)

Solution count 1: 1 

Optimal solution found (tolerance 1.00e-04)
Best objective 1.000000000000e+00, best bound 1.000000000000e+00, gap 0.0000%

Gurobi 8.1.1 (mac64, Python) logging started Sat May 18 17:46:58 2019

Academic license - for non-commercial use only
Changed value of parameter lazyConstraints to 1
   Prev: 0  Min: 0  Max: 1  Default: 0
Optimize a model with 3 rows, 1 columns and 3 nonzeros
Variable types: 0 continuous, 1 integer (1 binary)
Coefficient statistics:
  Matrix range     [1e+00, 1e+00]
  Objective range  [1e+00, 1e+00]
  Bounds range     [1e+00, 1e+00]
  RHS range        [1e+00, 6e+00]
Found heuristic solution: objective 1.0000000

Explored 0 nodes (0 simplex iterations) in 0.00 seconds
Thread count was 1 (of 8 available processors)

Solution count 1: 1 

Optimal solution found (tolerance 1.00e-04)
Best objective 1.000000000000e+00, best bound 1.000000000000e+00, gap 0.0000%
Changed value of parameter lazyConstraints to 1
   Prev: 0  Min: 0  Max: 1  Default: 0
Optimize a model with 3 rows, 1 columns and 3 nonzeros
Variable types: 0 continuous, 1 integer (1 binary)
Coefficient statistics:
  Matrix range     [1e+00, 1e+00]
  Objective range  [1e+00, 1e+00]
  Bounds range     [1e+00, 1e+00]
  RHS range        [1e+00, 6e+00]
Found heuristic solution: objective 1.0000000

Explored 0 nodes (0 simplex iterations) in 0.00 seconds
Thread count was 1 (of 8 available processors)

Solution count 1: 1 

Optimal solution found (tolerance 1.00e-04)
Best objective 1.000000000000e+00, best bound 1.000000000000e+00, gap 0.0000%
Changed value of parameter lazyConstraints to 1
   Prev: 0  Min: 0  Max: 1  Default: 0
Optimize a model with 3 rows, 3 columns and 7 nonzeros
Model has 1 quadratic constraint
Variable types: 0 continuous, 3 integer (3 binary)
Coefficient statistics:
  Matrix range     [1e+00, 3e+00]
  QMatrix range    [1e+00, 2e+00]
  QLMatrix range   [2e+00, 2e+00]
  Objective range  [1e+00, 1e+00]
  Bounds range     [1e+00, 1e+00]
  RHS range        [1e+00, 5e+00]
Presolve removed 3 rows and 2 columns
Presolve time: 0.00s
Presolved: 0 rows, 1 columns, 0 nonzeros
Variable types: 0 continuous, 1 integer (1 binary)
Found heuristic solution: objective 2.0000000

Explored 0 nodes (0 simplex iterations) in 0.01 seconds
Thread count was 8 (of 8 available processors)

Solution count 1: 2 

Optimal solution found (tolerance 1.00e-04)
Best objective 2.000000000000e+00, best bound 2.000000000000e+00, gap 0.0000%
Changed value of parameter lazyConstraints to 1
   Prev: 0  Min: 0  Max: 1  Default: 0
Optimize a model with 3 rows, 3 columns and 7 nonzeros
Model has 1 quadratic constraint
Variable types: 0 continuous, 3 integer (3 binary)
Coefficient statistics:
  Matrix range     [1e+00, 3e+00]
  QMatrix range    [1e+00, 2e+00]
  QLMatrix range   [2e+00, 2e+00]
  Objective range  [1e+00, 1e+00]
  Bounds range     [1e+00, 1e+00]
  RHS range        [1e+00, 5e+00]
Presolve removed 3 rows and 2 columns
Presolve time: 0.00s
Presolved: 0 rows, 1 columns, 0 nonzeros
Variable types: 0 continuous, 1 integer (1 binary)
Found heuristic solution: objective 2.0000000

Explored 0 nodes (0 simplex iterations) in 0.00 seconds
Thread count was 8 (of 8 available processors)

Solution count 1: 2 

Optimal solution found (tolerance 1.00e-04)
Best objective 2.000000000000e+00, best bound 2.000000000000e+00, gap 0.0000%

Gurobi 8.1.1 (mac64, Python) logging started Sat May 18 18:56:06 2019

Academic license - for non-commercial use only
Changed value of parameter lazyConstraints to 1
   Prev: 0  Min: 0  Max: 1  Default: 0
Optimize a model with 3 rows, 1 columns and 3 nonzeros
Variable types: 0 continuous, 1 integer (1 binary)
Coefficient statistics:
  Matrix range     [1e+00, 1e+00]
  Objective range  [1e+00, 1e+00]
  Bounds range     [1e+00, 1e+00]
  RHS range        [1e+00, 6e+00]
Found heuristic solution: objective 1.0000000

Explored 0 nodes (0 simplex iterations) in 0.00 seconds
Thread count was 1 (of 8 available processors)

Solution count 1: 1 

Optimal solution found (tolerance 1.00e-04)
Best objective 1.000000000000e+00, best bound 1.000000000000e+00, gap 0.0000%

Gurobi 8.1.1 (mac64, Python) logging started Sat May 18 18:56:36 2019

Academic license - for non-commercial use only
Changed value of parameter lazyConstraints to 1
   Prev: 0  Min: 0  Max: 1  Default: 0
Optimize a model with 3 rows, 1 columns and 3 nonzeros
Variable types: 0 continuous, 1 integer (1 binary)
Coefficient statistics:
  Matrix range     [1e+00, 1e+00]
  Objective range  [1e+00, 1e+00]
  Bounds range     [1e+00, 1e+00]
  RHS range        [1e+00, 6e+00]
Found heuristic solution: objective 1.0000000

Explored 0 nodes (0 simplex iterations) in 0.00 seconds
Thread count was 1 (of 8 available processors)

Solution count 1: 1 

Optimal solution found (tolerance 1.00e-04)
Best objective 1.000000000000e+00, best bound 1.000000000000e+00, gap 0.0000%
Changed value of parameter lazyConstraints to 1
   Prev: 0  Min: 0  Max: 1  Default: 0
Optimize a model with 3 rows, 3 columns and 7 nonzeros
Model has 1 quadratic constraint
Variable types: 0 continuous, 3 integer (3 binary)
Coefficient statistics:
  Matrix range     [1e+00, 3e+00]
  QMatrix range    [1e+00, 2e+00]
  QLMatrix range   [2e+00, 2e+00]
  Objective range  [1e+00, 1e+00]
  Bounds range     [1e+00, 1e+00]
  RHS range        [1e+00, 5e+00]
Presolve removed 3 rows and 2 columns
Presolve time: 0.00s
Presolved: 0 rows, 1 columns, 0 nonzeros
Variable types: 0 continuous, 1 integer (1 binary)
Found heuristic solution: objective 2.0000000

Explored 0 nodes (0 simplex iterations) in 0.01 seconds
Thread count was 8 (of 8 available processors)

Solution count 1: 2 

Optimal solution found (tolerance 1.00e-04)
Best objective 2.000000000000e+00, best bound 2.000000000000e+00, gap 0.0000%

Gurobi 8.1.1 (mac64, Python) logging started Sat May 18 19:00:42 2019

Academic license - for non-commercial use only
Changed value of parameter lazyConstraints to 1
   Prev: 0  Min: 0  Max: 1  Default: 0
Optimize a model with 3 rows, 1 columns and 3 nonzeros
Variable types: 0 continuous, 1 integer (1 binary)
Coefficient statistics:
  Matrix range     [1e+00, 1e+00]
  Objective range  [1e+00, 1e+00]
  Bounds range     [1e+00, 1e+00]
  RHS range        [1e+00, 6e+00]
Found heuristic solution: objective 1.0000000

Explored 0 nodes (0 simplex iterations) in 0.00 seconds
Thread count was 1 (of 8 available processors)

Solution count 1: 1 

Optimal solution found (tolerance 1.00e-04)
Best objective 1.000000000000e+00, best bound 1.000000000000e+00, gap 0.0000%
Changed value of parameter lazyConstraints to 1
   Prev: 0  Min: 0  Max: 1  Default: 0
Optimize a model with 3 rows, 3 columns and 7 nonzeros
Model has 1 quadratic constraint
Variable types: 0 continuous, 3 integer (3 binary)
Coefficient statistics:
  Matrix range     [1e+00, 3e+00]
  QMatrix range    [1e+00, 2e+00]
  QLMatrix range   [2e+00, 2e+00]
  Objective range  [1e+00, 1e+00]
  Bounds range     [1e+00, 1e+00]
  RHS range        [1e+00, 5e+00]
Presolve removed 3 rows and 2 columns
Presolve time: 0.00s
Presolved: 0 rows, 1 columns, 0 nonzeros
Variable types: 0 continuous, 1 integer (1 binary)
Found heuristic solution: objective 2.0000000

Explored 0 nodes (0 simplex iterations) in 0.01 seconds
Thread count was 8 (of 8 available processors)

Solution count 1: 2 

Optimal solution found (tolerance 1.00e-04)
Best objective 2.000000000000e+00, best bound 2.000000000000e+00, gap 0.0000%

Gurobi 8.1.1 (mac64, Python) logging started Sat May 18 19:03:10 2019

Academic license - for non-commercial use only
Changed value of parameter lazyConstraints to 1
   Prev: 0  Min: 0  Max: 1  Default: 0
Optimize a model with 3 rows, 1 columns and 3 nonzeros
Variable types: 0 continuous, 1 integer (1 binary)
Coefficient statistics:
  Matrix range     [1e+00, 1e+00]
  Objective range  [1e+00, 1e+00]
  Bounds range     [1e+00, 1e+00]
  RHS range        [1e+00, 6e+00]
Found heuristic solution: objective 1.0000000

Explored 0 nodes (0 simplex iterations) in 0.00 seconds
Thread count was 1 (of 8 available processors)

Solution count 1: 1 

Optimal solution found (tolerance 1.00e-04)
Best objective 1.000000000000e+00, best bound 1.000000000000e+00, gap 0.0000%
Changed value of parameter lazyConstraints to 1
   Prev: 0  Min: 0  Max: 1  Default: 0
Optimize a model with 3 rows, 3 columns and 7 nonzeros
Model has 1 quadratic constraint
Variable types: 0 continuous, 3 integer (3 binary)
Coefficient statistics:
  Matrix range     [1e+00, 3e+00]
  QMatrix range    [1e+00, 2e+00]
  QLMatrix range   [2e+00, 2e+00]
  Objective range  [1e+00, 1e+00]
  Bounds range     [1e+00, 1e+00]
  RHS range        [1e+00, 5e+00]
Presolve removed 3 rows and 2 columns
Presolve time: 0.00s
Presolved: 0 rows, 1 columns, 0 nonzeros
Variable types: 0 continuous, 1 integer (1 binary)
Found heuristic solution: objective 2.0000000

Explored 0 nodes (0 simplex iterations) in 0.01 seconds
Thread count was 8 (of 8 available processors)

Solution count 1: 2 

Optimal solution found (tolerance 1.00e-04)
Best objective 2.000000000000e+00, best bound 2.000000000000e+00, gap 0.0000%

Gurobi 8.1.1 (mac64, Python) logging started Sat May 18 19:10:36 2019

Academic license - for non-commercial use only
Changed value of parameter lazyConstraints to 1
   Prev: 0  Min: 0  Max: 1  Default: 0
Optimize a model with 3 rows, 1 columns and 3 nonzeros
Variable types: 0 continuous, 1 integer (1 binary)
Coefficient statistics:
  Matrix range     [1e+00, 1e+00]
  Objective range  [1e+00, 1e+00]
  Bounds range     [1e+00, 1e+00]
  RHS range        [1e+00, 6e+00]
Found heuristic solution: objective 1.0000000

Explored 0 nodes (0 simplex iterations) in 0.00 seconds
Thread count was 1 (of 8 available processors)

Solution count 1: 1 

Optimal solution found (tolerance 1.00e-04)
Best objective 1.000000000000e+00, best bound 1.000000000000e+00, gap 0.0000%
Changed value of parameter lazyConstraints to 1
   Prev: 0  Min: 0  Max: 1  Default: 0
Optimize a model with 3 rows, 3 columns and 7 nonzeros
Model has 1 quadratic constraint
Variable types: 0 continuous, 3 integer (3 binary)
Coefficient statistics:
  Matrix range     [1e+00, 3e+00]
  QMatrix range    [1e+00, 2e+00]
  QLMatrix range   [2e+00, 2e+00]
  Objective range  [1e+00, 1e+00]
  Bounds range     [1e+00, 1e+00]
  RHS range        [1e+00, 5e+00]
Presolve removed 3 rows and 2 columns
Presolve time: 0.00s
Presolved: 0 rows, 1 columns, 0 nonzeros
Variable types: 0 continuous, 1 integer (1 binary)
Found heuristic solution: objective 2.0000000

Explored 0 nodes (0 simplex iterations) in 0.01 seconds
Thread count was 8 (of 8 available processors)

Solution count 1: 2 

Optimal solution found (tolerance 1.00e-04)
Best objective 2.000000000000e+00, best bound 2.000000000000e+00, gap 0.0000%

Gurobi 8.1.1 (mac64, Python) logging started Sat May 18 19:33:02 2019

Academic license - for non-commercial use only
